C:\Users\Asan\Documents\Visual Studio 2010\Projects\StoryWriter\WorkApp\Debug\cl.command.1.tlog
C:\Users\Asan\Documents\Visual Studio 2010\Projects\StoryWriter\WorkApp\Debug\CL.read.1.tlog
C:\Users\Asan\Documents\Visual Studio 2010\Projects\StoryWriter\WorkApp\Debug\CL.write.1.tlog
C:\USERS\ASAN\DOCUMENTS\VISUAL STUDIO 2010\PROJECTS\STORYWRITER\WORKAPP\DEBUG\DIALOGUE.OBJ
C:\USERS\ASAN\DOCUMENTS\VISUAL STUDIO 2010\PROJECTS\STORYWRITER\WORKAPP\DEBUG\GAME_CONTROL.OBJ
C:\USERS\ASAN\DOCUMENTS\VISUAL STUDIO 2010\PROJECTS\STORYWRITER\WORKAPP\DEBUG\INTERACTIVE.OBJ
C:\Users\Asan\Documents\Visual Studio 2010\Projects\StoryWriter\WorkApp\Debug\link.command.1.tlog
C:\Users\Asan\Documents\Visual Studio 2010\Projects\StoryWriter\WorkApp\Debug\link.read.1.tlog
C:\Users\Asan\Documents\Visual Studio 2010\Projects\StoryWriter\WorkApp\Debug\link.write.1.tlog
C:\Users\Asan\Documents\Visual Studio 2010\Projects\StoryWriter\WorkApp\Debug\link-cvtres.read.1.tlog
C:\Users\Asan\Documents\Visual Studio 2010\Projects\StoryWriter\WorkApp\Debug\link-cvtres.write.1.tlog
C:\USERS\ASAN\DOCUMENTS\VISUAL STUDIO 2010\PROJECTS\STORYWRITER\WORKAPP\DEBUG\LOG.OBJ
C:\USERS\ASAN\DOCUMENTS\VISUAL STUDIO 2010\PROJECTS\STORYWRITER\WORKAPP\DEBUG\MAIN.OBJ
C:\USERS\ASAN\DOCUMENTS\VISUAL STUDIO 2010\PROJECTS\STORYWRITER\WORKAPP\DEBUG\MARKUP.OBJ
C:\Users\Asan\Documents\Visual Studio 2010\Projects\StoryWriter\WorkApp\Debug\rc.command.1.tlog
C:\Users\Asan\Documents\Visual Studio 2010\Projects\StoryWriter\WorkApp\Debug\rc.read.1.tlog
C:\Users\Asan\Documents\Visual Studio 2010\Projects\StoryWriter\WorkApp\Debug\rc.write.1.tlog
C:\USERS\ASAN\DOCUMENTS\VISUAL STUDIO 2010\PROJECTS\STORYWRITER\WORKAPP\DEBUG\SCENE.OBJ
C:\Users\Asan\Documents\Visual Studio 2010\Projects\StoryWriter\WorkApp\Debug\StoryWriter.exe.embed.manifest
C:\USERS\ASAN\DOCUMENTS\VISUAL STUDIO 2010\PROJECTS\STORYWRITER\WORKAPP\DEBUG\STORYWRITER.EXE.EMBED.MANIFEST.RES
C:\Users\Asan\Documents\Visual Studio 2010\Projects\StoryWriter\WorkApp\Debug\StoryWriter.exe.intermediate.manifest
C:\Users\Asan\Documents\Visual Studio 2010\Projects\StoryWriter\WorkApp\Debug\StoryWriter.pdb
C:\Users\Asan\Documents\Visual Studio 2010\Projects\StoryWriter\WorkApp\Debug\StoryWriter_manifest.rc
C:\Users\Asan\Documents\Visual Studio 2010\Projects\StoryWriter\WorkApp\Debug\vc100.idb
C:\USERS\ASAN\DOCUMENTS\VISUAL STUDIO 2010\PROJECTS\STORYWRITER\WORKAPP\DEBUG\VC100.PDB
C:\USERS\ASAN\DOCUMENTS\VISUAL STUDIO 2010\PROJECTS\STORYWRITER\WORKAPP\DEBUG\VIDEO.OBJ
Debug\StoryWriter.pdb
