Build started 13.8.2011 15:35:46.
     1>Project "C:\Users\Asan\Documents\Visual Studio 2010\Projects\StoryWriter\WorkApp\StoryTeller.vcxproj" on node 2 (build target(s)).
     1>InitializeBuildStatus:
         Creating "Release\StoryWriter.unsuccessfulbuild" because "AlwaysCreate" was specified.
       ClCompile:
         C:\Program Files (x86)\Microsoft Visual Studio 10.0\VC\bin\CL.exe /c /Zi /nologo /W4 /WX- /O2 /Oy- /D MARKUP_STL /D _UNICODE /D UNICODE /Gm- /EHsc /MD /GS /fp:precise /Zc:wchar_t /Zc:forScope /Fo"Release\\" /Fd"Release\vc100.pdb" /Gd /TP /analyze- /errorReport:prompt interactive.cpp
         interactive.cpp
     1>C:\Program Files (x86)\Microsoft Visual Studio 10.0\VC\include\intrin.h(1087): warning C4995: 'wcscat': name was marked as #pragma deprecated
     1>C:\Program Files (x86)\Microsoft Visual Studio 10.0\VC\include\intrin.h(1089): warning C4995: 'wcscpy': name was marked as #pragma deprecated
     1>interactive.cpp(287): warning C4244: '=' : conversion from 'Gdiplus::REAL' to 'INT', possible loss of data
     1>interactive.cpp(288): warning C4244: '=' : conversion from 'Gdiplus::REAL' to 'INT', possible loss of data
       ManifestResourceCompile:
         All outputs are up-to-date.
       Link:
         C:\Program Files (x86)\Microsoft Visual Studio 10.0\VC\bin\link.exe /ERRORREPORT:PROMPT /OUT:"Release\StoryWriter.exe" /INCREMENTAL /NOLOGO Kernel32.lib User32.Lib GdiPlus.lib Dxerr.lib Strmiids.lib d3d9.lib kernel32.lib user32.lib gdi32.lib winspool.lib comdlg32.lib advapi32.lib shell32.lib ole32.lib oleaut32.lib uuid.lib odbc32.lib odbccp32.lib /MANIFEST /ManifestFile:"Release\StoryWriter.exe.intermediate.manifest" /MANIFESTUAC:"level='asInvoker' uiAccess='false'" /DEBUG /PDB:"C:\Users\Asan\Documents\Visual Studio 2010\Projects\StoryWriter\WorkApp\Release\StoryWriter.pdb" /SUBSYSTEM:WINDOWS /OPT:REF /OPT:ICF /TLBID:1 /DYNAMICBASE /NXCOMPAT /IMPLIB:"Release\StoryWriter.lib" /MACHINE:X86 "Release\$StoryWriter.exe.embed.manifest.res"
         Release\dialogue.obj
         Release\game_control.obj
         Release\interactive.obj
         Release\Log.obj
         Release\main.obj
         Release\Markup.obj
         Release\scene.obj
         Release\video.obj
     1>LINK : warning LNK4075: ignoring '/INCREMENTAL' due to '/OPT:ICF' specification
       Manifest:
         C:\Program Files (x86)\Microsoft SDKs\Windows\v7.0A\bin\mt.exe /nologo /verbose /out:"Release\$StoryWriter.exe.embed.manifest" /manifest Release\StoryWriter.exe.intermediate.manifest
         All outputs are up-to-date.
       LinkEmbedManifest:
         All outputs are up-to-date.
         StoryTeller.vcxproj -> C:\Users\Asan\Documents\Visual Studio 2010\Projects\StoryWriter\WorkApp\Release\StoryWriter.exe
       FinalizeBuildStatus:
         Deleting file "Release\StoryWriter.unsuccessfulbuild".
         Touching "Release\StoryWriter.lastbuildstate".
     1>Done Building Project "C:\Users\Asan\Documents\Visual Studio 2010\Projects\StoryWriter\WorkApp\StoryTeller.vcxproj" (build target(s)).

Build succeeded.

Time Elapsed 00:00:02.85
